d:\documents\visual studio 2015\projects\logutilman\logutil\release\vc140.pdb
d:\documents\visual studio 2015\projects\logutilman\logutil\release\dllmain.obj
d:\documents\visual studio 2015\projects\logutilman\logutil\release\logutil.pch
d:\documents\visual studio 2015\projects\logutilman\logutil\release\stdafx.obj
d:\documents\visual studio 2015\projects\logutilman\logutil\release\ilog.obj
d:\documents\visual studio 2015\projects\logutilman\logutil\release\clogimp.obj
d:\documents\visual studio 2015\projects\logutilman\release\logutil.dll
d:\documents\visual studio 2015\projects\logutilman\release\logutil.ipdb
d:\documents\visual studio 2015\projects\logutilman\release\logutil.iobj
d:\documents\visual studio 2015\projects\logutilman\release\logutil.pdb
d:\documents\visual studio 2015\projects\logutilman\release\logutil.lib
d:\documents\visual studio 2015\projects\logutilman\release\logutil.exp
d:\documents\visual studio 2015\projects\logutilman\logutil\release\logutil.res
d:\documents\visual studio 2015\projects\logutilman\logutil\release\logutil.tlog\cl.command.1.tlog
d:\documents\visual studio 2015\projects\logutilman\logutil\release\logutil.tlog\cl.read.1.tlog
d:\documents\visual studio 2015\projects\logutilman\logutil\release\logutil.tlog\cl.write.1.tlog
d:\documents\visual studio 2015\projects\logutilman\logutil\release\logutil.tlog\link.command.1.tlog
d:\documents\visual studio 2015\projects\logutilman\logutil\release\logutil.tlog\link.read.1.tlog
d:\documents\visual studio 2015\projects\logutilman\logutil\release\logutil.tlog\link.write.1.tlog
d:\documents\visual studio 2015\projects\logutilman\logutil\release\logutil.tlog\logutil.write.1u.tlog
d:\documents\visual studio 2015\projects\logutilman\logutil\release\logutil.tlog\rc.command.1.tlog
d:\documents\visual studio 2015\projects\logutilman\logutil\release\logutil.tlog\rc.read.1.tlog
d:\documents\visual studio 2015\projects\logutilman\logutil\release\logutil.tlog\rc.write.1.tlog
