d:\documents\visual studio 2015\projects\classfactory\classfactory\debug\logutil.pch
d:\documents\visual studio 2015\projects\classfactory\classfactory\debug\vc140.pdb
d:\documents\visual studio 2015\projects\classfactory\classfactory\debug\vc140.idb
d:\documents\visual studio 2015\projects\classfactory\classfactory\debug\stdafx.obj
d:\documents\visual studio 2015\projects\classfactory\classfactory\debug\ilog.obj
d:\documents\visual studio 2015\projects\classfactory\classfactory\debug\clogimp.obj
d:\documents\visual studio 2015\projects\classfactory\classfactory\debug\dllmain.obj
d:\documents\visual studio 2015\projects\classfactory\debug\logutil.ilk
d:\documents\visual studio 2015\projects\classfactory\debug\logutil.dll
d:\documents\visual studio 2015\projects\classfactory\debug\logutil.pdb
d:\documents\visual studio 2015\projects\classfactory\debug\logutil.lib
d:\documents\visual studio 2015\projects\classfactory\debug\logutil.exp
d:\documents\visual studio 2015\projects\classfactory\classfactory\debug\logutil.res
d:\documents\visual studio 2015\projects\classfactory\classfactory\debug\logutil.tlog\cl.command.1.tlog
d:\documents\visual studio 2015\projects\classfactory\classfactory\debug\logutil.tlog\cl.read.1.tlog
d:\documents\visual studio 2015\projects\classfactory\classfactory\debug\logutil.tlog\cl.write.1.tlog
d:\documents\visual studio 2015\projects\classfactory\classfactory\debug\logutil.tlog\link.command.1.tlog
d:\documents\visual studio 2015\projects\classfactory\classfactory\debug\logutil.tlog\link.read.1.tlog
d:\documents\visual studio 2015\projects\classfactory\classfactory\debug\logutil.tlog\link.write.1.tlog
d:\documents\visual studio 2015\projects\classfactory\classfactory\debug\logutil.tlog\logutil.write.1u.tlog
d:\documents\visual studio 2015\projects\classfactory\classfactory\debug\logutil.tlog\rc.command.1.tlog
d:\documents\visual studio 2015\projects\classfactory\classfactory\debug\logutil.tlog\rc.read.1.tlog
d:\documents\visual studio 2015\projects\classfactory\classfactory\debug\logutil.tlog\rc.write.1.tlog
